-------------------------------
v. 20220222

- Install nb_conda_kernels in the base environment

-------------------------------
v. 20220211

- Install vim

-------------------------------
v. 20220206

Python packages added:

- pandas
- seaborn

-------------------------------
v. 20220124

- Adding RStudio Server and rstudio username

R package added:

- lmerTest

-------------------------------
v. 20220117

Docker container from jupyter/r-notebook:latest

Python packages added:

- lckr-jupyterlab-variableinspector

R packages added:

- devtools
- repr
- svglite
- latex2exp
- rstatix
- ggpubr
- ggsci
- tidyverse